[INFO] Error stacktraces are turned on.
[INFO] Scanning for projects...
[INFO] 
[INFO] ---------------------< com.aiquantum:auth-service >---------------------
[INFO] Building auth-service 0.0.1-SNAPSHOT
[INFO]   from pom.xml
[INFO] --------------------------------[ jar ]---------------------------------
[INFO] 
[INFO] --- clean:3.3.2:clean (default-clean) @ auth-service ---
[INFO] Deleting C:\Users\azdin\.gemini\antigravity\scratch\ai-quantum-trader\auth-service\target
[INFO] 
[INFO] --- resources:3.3.1:resources (default-resources) @ auth-service ---
[INFO] Copying 1 resource from src\main\resources to target\classes
[INFO] Copying 0 resource from src\main\resources to target\classes
[INFO] 
[INFO] --- compiler:3.11.0:compile (default-compile) @ auth-service ---
[INFO] Changes detected - recompiling the module! :source
[INFO] Compiling 13 source files with javac [debug release 17] to target\classes
[INFO] -------------------------------------------------------------
[ERROR] COMPILATION ERROR : 
[INFO] -------------------------------------------------------------
[ERROR] /C:/Users/azdin/.gemini/antigravity/scratch/ai-quantum-trader/auth-service/src/main/java/com/aiquantum/auth/AuthServiceApplication.java:[9,8] duplicate class: com.aiquantum.auth.AuthServiceApplication
[ERROR] /C:/Users/azdin/.gemini/antigravity/scratch/ai-quantum-trader/auth-service/src/main/java/com/aiquantum/auth/service/AuthService.java:[3,33] cannot find symbol
  symbol:   class JwtService
  location: package com.aiquantum.auth.config
[ERROR] /C:/Users/azdin/.gemini/antigravity/scratch/ai-quantum-trader/auth-service/src/main/java/com/aiquantum/auth/service/AuthService.java:[40,73] cannot find symbol
  symbol:   method getUsername()
  location: variable request of type com.aiquantum.auth.dto.RegisterRequest
[ERROR] /C:/Users/azdin/.gemini/antigravity/scratch/ai-quantum-trader/auth-service/src/main/java/com/aiquantum/auth/service/AuthService.java:[34,24] cannot find symbol
  symbol:   method builder()
  location: class com.aiquantum.auth.model.User
[ERROR] /C:/Users/azdin/.gemini/antigravity/scratch/ai-quantum-trader/auth-service/src/main/java/com/aiquantum/auth/service/AuthService.java:[35,34] cannot find symbol
  symbol:   method getUsername()
  location: variable request of type com.aiquantum.auth.dto.RegisterRequest
[ERROR] /C:/Users/azdin/.gemini/antigravity/scratch/ai-quantum-trader/auth-service/src/main/java/com/aiquantum/auth/service/AuthService.java:[36,31] cannot find symbol
  symbol:   method getEmail()
  location: variable request of type com.aiquantum.auth.dto.RegisterRequest
[ERROR] /C:/Users/azdin/.gemini/antigravity/scratch/ai-quantum-trader/auth-service/src/main/java/com/aiquantum/auth/service/AuthService.java:[37,57] cannot find symbol
  symbol:   method getPassword()
  location: variable request of type com.aiquantum.auth.dto.RegisterRequest
[ERROR] /C:/Users/azdin/.gemini/antigravity/scratch/ai-quantum-trader/auth-service/src/main/java/com/aiquantum/auth/service/AuthService.java:[54,32] cannot find symbol
  symbol:   method getEmail()
  location: variable request of type com.aiquantum.auth.dto.AuthRequest
[ERROR] /C:/Users/azdin/.gemini/antigravity/scratch/ai-quantum-trader/auth-service/src/main/java/com/aiquantum/auth/service/AuthService.java:[55,32] cannot find symbol
  symbol:   method getPassword()
  location: variable request of type com.aiquantum.auth.dto.AuthRequest
[ERROR] /C:/Users/azdin/.gemini/antigravity/scratch/ai-quantum-trader/auth-service/src/main/java/com/aiquantum/auth/service/AuthService.java:[59,50] cannot find symbol
  symbol:   method getEmail()
  location: variable request of type com.aiquantum.auth.dto.AuthRequest
[ERROR] /C:/Users/azdin/.gemini/antigravity/scratch/ai-quantum-trader/auth-service/src/main/java/com/aiquantum/auth/service/AuthService.java:[85,48] cannot find symbol
  symbol:   method builder()
  location: class com.aiquantum.auth.dto.AuthResponse
[ERROR] /C:/Users/azdin/.gemini/antigravity/scratch/ai-quantum-trader/auth-service/src/main/java/com/aiquantum/auth/service/AuthService.java:[88,37] cannot find symbol
  symbol:   method getId()
  location: variable user of type com.aiquantum.auth.model.User
[ERROR] /C:/Users/azdin/.gemini/antigravity/scratch/ai-quantum-trader/auth-service/src/main/java/com/aiquantum/auth/service/AuthService.java:[90,36] cannot find symbol
  symbol:   method getEmail()
  location: variable user of type com.aiquantum.auth.model.User
[ERROR] /C:/Users/azdin/.gemini/antigravity/scratch/ai-quantum-trader/auth-service/src/main/java/com/aiquantum/auth/service/AuthService.java:[91,44] cannot find symbol
  symbol:   method getWalletBalance()
  location: variable user of type com.aiquantum.auth.model.User
[ERROR] /C:/Users/azdin/.gemini/antigravity/scratch/ai-quantum-trader/auth-service/src/main/java/com/aiquantum/auth/service/AuthService.java:[99,28] cannot find symbol
  symbol:   method builder()
  location: class com.aiquantum.auth.dto.AuthResponse
[ERROR] /C:/Users/azdin/.gemini/antigravity/scratch/ai-quantum-trader/auth-service/src/main/java/com/aiquantum/auth/service/AuthService.java:[102,29] cannot find symbol
  symbol:   method getId()
  location: variable user of type com.aiquantum.auth.model.User
[ERROR] /C:/Users/azdin/.gemini/antigravity/scratch/ai-quantum-trader/auth-service/src/main/java/com/aiquantum/auth/service/AuthService.java:[104,28] cannot find symbol
  symbol:   method getEmail()
  location: variable user of type com.aiquantum.auth.model.User
[ERROR] /C:/Users/azdin/.gemini/antigravity/scratch/ai-quantum-trader/auth-service/src/main/java/com/aiquantum/auth/service/AuthService.java:[105,36] cannot find symbol
  symbol:   method getWalletBalance()
  location: variable user of type com.aiquantum.auth.model.User
[INFO] 18 errors 
[INFO] -------------------------------------------------------------
[INFO] ------------------------------------------------------------------------
[INFO] BUILD FAILURE
[INFO] ------------------------------------------------------------------------
[INFO] Total time:  4.848 s
[INFO] Finished at: 2026-02-11T12:27:54+01:00
[INFO] ------------------------------------------------------------------------
[ERROR] Failed to execute goal org.apache.maven.plugins:maven-compiler-plugin:3.11.0:compile (default-compile) on project auth-service: Compilation failure: Compilation failure: 
[ERROR] /C:/Users/azdin/.gemini/antigravity/scratch/ai-quantum-trader/auth-service/src/main/java/com/aiquantum/auth/AuthServiceApplication.java:[9,8] duplicate class: com.aiquantum.auth.AuthServiceApplication
[ERROR] /C:/Users/azdin/.gemini/antigravity/scratch/ai-quantum-trader/auth-service/src/main/java/com/aiquantum/auth/service/AuthService.java:[3,33] cannot find symbol
[ERROR]   symbol:   class JwtService
[ERROR]   location: package com.aiquantum.auth.config
[ERROR] /C:/Users/azdin/.gemini/antigravity/scratch/ai-quantum-trader/auth-service/src/main/java/com/aiquantum/auth/service/AuthService.java:[40,73] cannot find symbol
[ERROR]   symbol:   method getUsername()
[ERROR]   location: variable request of type com.aiquantum.auth.dto.RegisterRequest
[ERROR] /C:/Users/azdin/.gemini/antigravity/scratch/ai-quantum-trader/auth-service/src/main/java/com/aiquantum/auth/service/AuthService.java:[34,24] cannot find symbol
[ERROR]   symbol:   method builder()
[ERROR]   location: class com.aiquantum.auth.model.User
[ERROR] /C:/Users/azdin/.gemini/antigravity/scratch/ai-quantum-trader/auth-service/src/main/java/com/aiquantum/auth/service/AuthService.java:[35,34] cannot find symbol
[ERROR]   symbol:   method getUsername()
[ERROR]   location: variable request of type com.aiquantum.auth.dto.RegisterRequest
[ERROR] /C:/Users/azdin/.gemini/antigravity/scratch/ai-quantum-trader/auth-service/src/main/java/com/aiquantum/auth/service/AuthService.java:[36,31] cannot find symbol
[ERROR]   symbol:   method getEmail()
[ERROR]   location: variable request of type com.aiquantum.auth.dto.RegisterRequest
[ERROR] /C:/Users/azdin/.gemini/antigravity/scratch/ai-quantum-trader/auth-service/src/main/java/com/aiquantum/auth/service/AuthService.java:[37,57] cannot find symbol
[ERROR]   symbol:   method getPassword()
[ERROR]   location: variable request of type com.aiquantum.auth.dto.RegisterRequest
[ERROR] /C:/Users/azdin/.gemini/antigravity/scratch/ai-quantum-trader/auth-service/src/main/java/com/aiquantum/auth/service/AuthService.java:[54,32] cannot find symbol
[ERROR]   symbol:   method getEmail()
[ERROR]   location: variable request of type com.aiquantum.auth.dto.AuthRequest
[ERROR] /C:/Users/azdin/.gemini/antigravity/scratch/ai-quantum-trader/auth-service/src/main/java/com/aiquantum/auth/service/AuthService.java:[55,32] cannot find symbol
[ERROR]   symbol:   method getPassword()
[ERROR]   location: variable request of type com.aiquantum.auth.dto.AuthRequest
[ERROR] /C:/Users/azdin/.gemini/antigravity/scratch/ai-quantum-trader/auth-service/src/main/java/com/aiquantum/auth/service/AuthService.java:[59,50] cannot find symbol
[ERROR]   symbol:   method getEmail()
[ERROR]   location: variable request of type com.aiquantum.auth.dto.AuthRequest
[ERROR] /C:/Users/azdin/.gemini/antigravity/scratch/ai-quantum-trader/auth-service/src/main/java/com/aiquantum/auth/service/AuthService.java:[85,48] cannot find symbol
[ERROR]   symbol:   method builder()
[ERROR]   location: class com.aiquantum.auth.dto.AuthResponse
[ERROR] /C:/Users/azdin/.gemini/antigravity/scratch/ai-quantum-trader/auth-service/src/main/java/com/aiquantum/auth/service/AuthService.java:[88,37] cannot find symbol
[ERROR]   symbol:   method getId()
[ERROR]   location: variable user of type com.aiquantum.auth.model.User
[ERROR] /C:/Users/azdin/.gemini/antigravity/scratch/ai-quantum-trader/auth-service/src/main/java/com/aiquantum/auth/service/AuthService.java:[90,36] cannot find symbol
[ERROR]   symbol:   method getEmail()
[ERROR]   location: variable user of type com.aiquantum.auth.model.User
[ERROR] /C:/Users/azdin/.gemini/antigravity/scratch/ai-quantum-trader/auth-service/src/main/java/com/aiquantum/auth/service/AuthService.java:[91,44] cannot find symbol
[ERROR]   symbol:   method getWalletBalance()
[ERROR]   location: variable user of type com.aiquantum.auth.model.User
[ERROR] /C:/Users/azdin/.gemini/antigravity/scratch/ai-quantum-trader/auth-service/src/main/java/com/aiquantum/auth/service/AuthService.java:[99,28] cannot find symbol
[ERROR]   symbol:   method builder()
[ERROR]   location: class com.aiquantum.auth.dto.AuthResponse
[ERROR] /C:/Users/azdin/.gemini/antigravity/scratch/ai-quantum-trader/auth-service/src/main/java/com/aiquantum/auth/service/AuthService.java:[102,29] cannot find symbol
[ERROR]   symbol:   method getId()
[ERROR]   location: variable user of type com.aiquantum.auth.model.User
[ERROR] /C:/Users/azdin/.gemini/antigravity/scratch/ai-quantum-trader/auth-service/src/main/java/com/aiquantum/auth/service/AuthService.java:[104,28] cannot find symbol
[ERROR]   symbol:   method getEmail()
[ERROR]   location: variable user of type com.aiquantum.auth.model.User
[ERROR] /C:/Users/azdin/.gemini/antigravity/scratch/ai-quantum-trader/auth-service/src/main/java/com/aiquantum/auth/service/AuthService.java:[105,36] cannot find symbol
[ERROR]   symbol:   method getWalletBalance()
[ERROR]   location: variable user of type com.aiquantum.auth.model.User
[ERROR] -> [Help 1]
org.apache.maven.lifecycle.LifecycleExecutionException: Failed to execute goal org.apache.maven.plugins:maven-compiler-plugin:3.11.0:compile (default-compile) on project auth-service: Compilation failure
    at org.apache.maven.lifecycle.internal.MojoExecutor.doExecute2 (MojoExecutor.java:333)
    at org.apache.maven.lifecycle.internal.MojoExecutor.doExecute (MojoExecutor.java:316)
    at org.apache.maven.lifecycle.internal.MojoExecutor.execute (MojoExecutor.java:212)
    at org.apache.maven.lifecycle.internal.MojoExecutor.execute (MojoExecutor.java:174)
    at org.apache.maven.lifecycle.internal.MojoExecutor.access$000 (MojoExecutor.java:75)
    at org.apache.maven.lifecycle.internal.MojoExecutor$1.run (MojoExecutor.java:162)
    at org.apache.maven.plugin.DefaultMojosExecutionStrategy.execute (DefaultMojosExecutionStrategy.java:39)
    at org.apache.maven.lifecycle.internal.MojoExecutor.execute (MojoExecutor.java:159)
    at org.apache.maven.lifecycle.internal.LifecycleModuleBuilder.buildProject (LifecycleModuleBuilder.java:105)
    at org.apache.maven.lifecycle.internal.LifecycleModuleBuilder.buildProject (LifecycleModuleBuilder.java:73)
    at org.apache.maven.lifecycle.internal.builder.singlethreaded.SingleThreadedBuilder.build (SingleThreadedBuilder.java:53)
    at org.apache.maven.lifecycle.internal.LifecycleStarter.execute (LifecycleStarter.java:118)
    at org.apache.maven.DefaultMaven.doExecute (DefaultMaven.java:261)
    at org.apache.maven.DefaultMaven.doExecute (DefaultMaven.java:173)
    at org.apache.maven.DefaultMaven.execute (DefaultMaven.java:101)
    at org.apache.maven.cli.MavenCli.execute (MavenCli.java:906)
    at org.apache.maven.cli.MavenCli.doMain (MavenCli.java:283)
    at org.apache.maven.cli.MavenCli.main (MavenCli.java:206)
    at jdk.internal.reflect.NativeMethodAccessorImpl.invoke0 (Native Method)
    at jdk.internal.reflect.NativeMethodAccessorImpl.invoke (NativeMethodAccessorImpl.java:77)
    at jdk.internal.reflect.DelegatingMethodAccessorImpl.invoke (DelegatingMethodAccessorImpl.java:43)
    at java.lang.reflect.Method.invoke (Method.java:568)
    at org.codehaus.plexus.classworlds.launcher.Launcher.launchEnhanced (Launcher.java:283)
    at org.codehaus.plexus.classworlds.launcher.Launcher.launch (Launcher.java:226)
    at org.codehaus.plexus.classworlds.launcher.Launcher.mainWithExitCode (Launcher.java:407)
    at org.codehaus.plexus.classworlds.launcher.Launcher.main (Launcher.java:348)
Caused by: org.apache.maven.plugin.compiler.CompilationFailureException: Compilation failure
    at org.apache.maven.plugin.compiler.AbstractCompilerMojo.execute (AbstractCompilerMojo.java:1212)
    at org.apache.maven.plugin.compiler.CompilerMojo.execute (CompilerMojo.java:193)
    at org.apache.maven.plugin.DefaultBuildPluginManager.executeMojo (DefaultBuildPluginManager.java:126)
    at org.apache.maven.lifecycle.internal.MojoExecutor.doExecute2 (MojoExecutor.java:328)
    at org.apache.maven.lifecycle.internal.MojoExecutor.doExecute (MojoExecutor.java:316)
    at org.apache.maven.lifecycle.internal.MojoExecutor.execute (MojoExecutor.java:212)
    at org.apache.maven.lifecycle.internal.MojoExecutor.execute (MojoExecutor.java:174)
    at org.apache.maven.lifecycle.internal.MojoExecutor.access$000 (MojoExecutor.java:75)
    at org.apache.maven.lifecycle.internal.MojoExecutor$1.run (MojoExecutor.java:162)
    at org.apache.maven.plugin.DefaultMojosExecutionStrategy.execute (DefaultMojosExecutionStrategy.java:39)
    at org.apache.maven.lifecycle.internal.MojoExecutor.execute (MojoExecutor.java:159)
    at org.apache.maven.lifecycle.internal.LifecycleModuleBuilder.buildProject (LifecycleModuleBuilder.java:105)
    at org.apache.maven.lifecycle.internal.LifecycleModuleBuilder.buildProject (LifecycleModuleBuilder.java:73)
    at org.apache.maven.lifecycle.internal.builder.singlethreaded.SingleThreadedBuilder.build (SingleThreadedBuilder.java:53)
    at org.apache.maven.lifecycle.internal.LifecycleStarter.execute (LifecycleStarter.java:118)
    at org.apache.maven.DefaultMaven.doExecute (DefaultMaven.java:261)
    at org.apache.maven.DefaultMaven.doExecute (DefaultMaven.java:173)
    at org.apache.maven.DefaultMaven.execute (DefaultMaven.java:101)
    at org.apache.maven.cli.MavenCli.execute (MavenCli.java:906)
    at org.apache.maven.cli.MavenCli.doMain (MavenCli.java:283)
    at org.apache.maven.cli.MavenCli.main (MavenCli.java:206)
    at jdk.internal.reflect.NativeMethodAccessorImpl.invoke0 (Native Method)
    at jdk.internal.reflect.NativeMethodAccessorImpl.invoke (NativeMethodAccessorImpl.java:77)
    at jdk.internal.reflect.DelegatingMethodAccessorImpl.invoke (DelegatingMethodAccessorImpl.java:43)
    at java.lang.reflect.Method.invoke (Method.java:568)
    at org.codehaus.plexus.classworlds.launcher.Launcher.launchEnhanced (Launcher.java:283)
    at org.codehaus.plexus.classworlds.launcher.Launcher.launch (Launcher.java:226)
    at org.codehaus.plexus.classworlds.launcher.Launcher.mainWithExitCode (Launcher.java:407)
    at org.codehaus.plexus.classworlds.launcher.Launcher.main (Launcher.java:348)
[ERROR] 
[ERROR] Re-run Maven using the -X switch to enable full debug logging.
[ERROR] 
[ERROR] For more information about the errors and possible solutions, please read the following articles:
[ERROR] [Help 1] http://cwiki.apache.org/confluence/display/MAVEN/MojoFailureException
